c:\users\le dong\desktop\trainingframework_vs2013-20200803t010059z-001\trainingframework_vs2013\trainingframework\debug\trainingframework.pch
c:\users\le dong\desktop\trainingframework_vs2013-20200803t010059z-001\trainingframework_vs2013\trainingframework\debug\vc140.pdb
c:\users\le dong\desktop\trainingframework_vs2013-20200803t010059z-001\trainingframework_vs2013\trainingframework\debug\vc140.idb
c:\users\le dong\desktop\trainingframework_vs2013-20200803t010059z-001\trainingframework_vs2013\trainingframework\debug\stdafx.obj
c:\users\le dong\desktop\trainingframework_vs2013-20200803t010059z-001\trainingframework_vs2013\trainingframework\debug\camera.obj
c:\users\le dong\desktop\trainingframework_vs2013-20200803t010059z-001\trainingframework_vs2013\trainingframework\debug\model.obj
c:\users\le dong\desktop\trainingframework_vs2013-20200803t010059z-001\trainingframework_vs2013\trainingframework\debug\object.obj
c:\users\le dong\desktop\trainingframework_vs2013-20200803t010059z-001\trainingframework_vs2013\trainingframework\debug\resourcemanager.obj
c:\users\le dong\desktop\trainingframework_vs2013-20200803t010059z-001\trainingframework_vs2013\trainingframework\debug\screenmanager.obj
c:\users\le dong\desktop\trainingframework_vs2013-20200803t010059z-001\trainingframework_vs2013\trainingframework\debug\singleton.obj
c:\users\le dong\desktop\trainingframework_vs2013-20200803t010059z-001\trainingframework_vs2013\trainingframework\debug\texture.obj
c:\users\le dong\desktop\trainingframework_vs2013-20200803t010059z-001\trainingframework_vs2013\trainingframework\debug\trainingframework.obj
c:\users\le dong\desktop\trainingframework_vs2013-20200803t010059z-001\trainingframework_vs2013\trainingframework\debug\shaders.obj
c:\users\le dong\desktop\trainingframework_vs2013-20200803t010059z-001\trainingframework_vs2013\bin\trainingframework.ilk
c:\users\le dong\desktop\trainingframework_vs2013-20200803t010059z-001\trainingframework_vs2013\bin\trainingframework.exe
c:\users\le dong\desktop\trainingframework_vs2013-20200803t010059z-001\trainingframework_vs2013\bin\trainingframework.pdb
c:\users\le dong\desktop\trainingframework_vs2013-20200803t010059z-001\trainingframework_vs2013\\bin\trainingframework.pdb
c:\users\le dong\desktop\trainingframework_vs2013-20200803t010059z-001\trainingframework_vs2013\\bin\trainingframework.exe
c:\users\le dong\desktop\trainingframework_vs2013-20200803t010059z-001\trainingframework_vs2013\\bin\trainingframework.ilk
c:\users\le dong\desktop\trainingframework_vs2013-20200803t010059z-001\trainingframework_vs2013\trainingframework\debug\training.fc024ec8.tlog\cl.command.1.tlog
c:\users\le dong\desktop\trainingframework_vs2013-20200803t010059z-001\trainingframework_vs2013\trainingframework\debug\training.fc024ec8.tlog\cl.read.1.tlog
c:\users\le dong\desktop\trainingframework_vs2013-20200803t010059z-001\trainingframework_vs2013\trainingframework\debug\training.fc024ec8.tlog\cl.write.1.tlog
c:\users\le dong\desktop\trainingframework_vs2013-20200803t010059z-001\trainingframework_vs2013\trainingframework\debug\training.fc024ec8.tlog\link.command.1.tlog
c:\users\le dong\desktop\trainingframework_vs2013-20200803t010059z-001\trainingframework_vs2013\trainingframework\debug\training.fc024ec8.tlog\link.read.1.tlog
c:\users\le dong\desktop\trainingframework_vs2013-20200803t010059z-001\trainingframework_vs2013\trainingframework\debug\training.fc024ec8.tlog\link.write.1.tlog
